<?xml version="1.0" encoding="UTF-8"?>
<testsuite name="org.generation.GuidaniApplicationTests" tests="1" skipped="0" failures="0" errors="0" timestamp="2022-11-16T23:15:06" hostname="T3554" time="0.596">
  <properties/>
  <testcase name="contextLoads()" classname="org.generation.GuidaniApplicationTests" time="0.596"/>
  <system-out><![CDATA[17:14:47.333 [Test worker] DEBUG org.springframework.test.context.BootstrapUtils - Instantiating CacheAwareContextLoaderDelegate from class [org.springframework.test.context.cache.DefaultCacheAwareContextLoaderDelegate]
17:14:47.365 [Test worker] DEBUG org.springframework.test.context.BootstrapUtils - Instantiating BootstrapContext using constructor [public org.springframework.test.context.support.DefaultBootstrapContext(java.lang.Class,org.springframework.test.context.CacheAwareContextLoaderDelegate)]
17:14:47.447 [Test worker] DEBUG org.springframework.test.context.BootstrapUtils - Instantiating TestContextBootstrapper for test class [org.generation.GuidaniApplicationTests] from class [org.springframework.boot.test.context.SpringBootTestContextBootstrapper]
17:14:47.481 [Test worker] INFO org.springframework.boot.test.context.SpringBootTestContextBootstrapper - Neither @ContextConfiguration nor @ContextHierarchy found for test class [org.generation.GuidaniApplicationTests], using SpringBootContextLoader
17:14:47.490 [Test worker] DEBUG org.springframework.test.context.support.AbstractContextLoader - Did not detect default resource location for test class [org.generation.GuidaniApplicationTests]: class path resource [org/generation/GuidaniApplicationTests-context.xml] does not exist
17:14:47.491 [Test worker] DEBUG org.springframework.test.context.support.AbstractContextLoader - Did not detect default resource location for test class [org.generation.GuidaniApplicationTests]: class path resource [org/generation/GuidaniApplicationTestsContext.groovy] does not exist
17:14:47.491 [Test worker] INFO org.springframework.test.context.support.AbstractContextLoader - Could not detect default resource locations for test class [org.generation.GuidaniApplicationTests]: no resource found for suffixes {-context.xml, Context.groovy}.
17:14:47.493 [Test worker] INFO org.springframework.test.context.support.AnnotationConfigContextLoaderUtils - Could not detect default configuration classes for test class [org.generation.GuidaniApplicationTests]: GuidaniApplicationTests does not declare any static, non-private, non-final, nested classes annotated with @Configuration.
17:14:47.625 [Test worker] DEBUG org.springframework.test.context.support.ActiveProfilesUtils - Could not find an 'annotation declaring class' for annotation type [org.springframework.test.context.ActiveProfiles] and class [org.generation.GuidaniApplicationTests]
17:14:47.835 [Test worker] DEBUG org.springframework.context.annotation.ClassPathScanningCandidateComponentProvider - Identified candidate component class: file [C:\generation\ch18\guiedani\build\classes\java\main\org\generation\GuidaniApplication.class]
17:14:47.840 [Test worker] INFO org.springframework.boot.test.context.SpringBootTestContextBootstrapper - Found @SpringBootConfiguration org.generation.GuidaniApplication for test class org.generation.GuidaniApplicationTests
17:14:48.116 [Test worker] DEBUG org.springframework.boot.test.context.SpringBootTestContextBootstrapper - @TestExecutionListeners is not present for class [org.generation.GuidaniApplicationTests]: using defaults.
17:14:48.117 [Test worker] INFO org.springframework.boot.test.context.SpringBootTestContextBootstrapper - Loaded default TestExecutionListener class names from location [META-INF/spring.factories]: [org.springframework.boot.test.autoconfigure.restdocs.RestDocsTestExecutionListener, org.springframework.boot.test.autoconfigure.web.client.MockRestServiceServerResetTestExecutionListener, org.springframework.boot.test.autoconfigure.web.servlet.MockMvcPrintOnlyOnFailureTestExecutionListener, org.springframework.boot.test.autoconfigure.web.servlet.WebDriverTestExecutionListener, org.springframework.boot.test.autoconfigure.webservices.client.MockWebServiceServerTestExecutionListener, org.springframework.boot.test.mock.mockito.MockitoTestExecutionListener, org.springframework.boot.test.mock.mockito.ResetMocksTestExecutionListener, org.springframework.test.context.web.ServletTestExecutionListener, org.springframework.test.context.support.DirtiesContextBeforeModesTestExecutionListener, org.springframework.test.context.event.ApplicationEventsTestExecutionListener, org.springframework.test.context.support.DependencyInjectionTestExecutionListener, org.springframework.test.context.support.DirtiesContextTestExecutionListener, org.springframework.test.context.transaction.TransactionalTestExecutionListener, org.springframework.test.context.jdbc.SqlScriptsTestExecutionListener, org.springframework.test.context.event.EventPublishingTestExecutionListener]
17:14:48.159 [Test worker] INFO org.springframework.boot.test.context.SpringBootTestContextBootstrapper - Using TestExecutionListeners: [org.springframework.test.context.web.ServletTestExecutionListener@545de5a4, org.springframework.test.context.support.DirtiesContextBeforeModesTestExecutionListener@29ef6856, org.springframework.test.context.event.ApplicationEventsTestExecutionListener@ab7a938, org.springframework.boot.test.mock.mockito.MockitoTestExecutionListener@3faf2e7d, org.springframework.boot.test.autoconfigure.SpringBootDependencyInjectionTestExecutionListener@4648ce9, org.springframework.test.context.support.DirtiesContextTestExecutionListener@569bf9eb, org.springframework.test.context.transaction.TransactionalTestExecutionListener@61526469, org.springframework.test.context.jdbc.SqlScriptsTestExecutionListener@274872f8, org.springframework.test.context.event.EventPublishingTestExecutionListener@76ba13c, org.springframework.boot.test.autoconfigure.restdocs.RestDocsTestExecutionListener@eb6449b, org.springframework.boot.test.autoconfigure.web.client.MockRestServiceServerResetTestExecutionListener@7c351808, org.springframework.boot.test.autoconfigure.web.servlet.MockMvcPrintOnlyOnFailureTestExecutionListener@180e6ac4, org.springframework.boot.test.autoconfigure.web.servlet.WebDriverTestExecutionListener@42b64ab8, org.springframework.boot.test.autoconfigure.webservices.client.MockWebServiceServerTestExecutionListener@7e985ce9, org.springframework.boot.test.mock.mockito.ResetMocksTestExecutionListener@2a39fe6a]
17:14:48.166 [Test worker] DEBUG org.springframework.test.context.support.AbstractDirtiesContextTestExecutionListener - Before test class: context [DefaultTestContext@4c168660 testClass = GuidaniApplicationTests, testInstance = [null], testMethod = [null], testException = [null], mergedContextConfiguration = [WebMergedContextConfiguration@52b56a3e testClass = GuidaniApplicationTests, locations = '{}', classes = '{class org.generation.GuidaniApplication}', contextInitializerClasses = '[]', activeProfiles = '{}', propertySourceLocations = '{}', propertySourceProperties = '{org.springframework.boot.test.context.SpringBootTestContextBootstrapper=true}', contextCustomizers = set[org.springframework.boot.test.autoconfigure.actuate.metrics.MetricsExportContextCustomizerFactory$DisableMetricExportContextCustomizer@2e1ef60, org.springframework.boot.test.autoconfigure.properties.PropertyMappingContextCustomizer@0, org.springframework.boot.test.autoconfigure.web.servlet.WebDriverContextCustomizerFactory$Customizer@42bc14c1, org.springframework.boot.test.context.filter.ExcludeFilterContextCustomizer@6f3c660a, org.springframework.boot.test.json.DuplicateJsonObjectContextCustomizerFactory$DuplicateJsonObjectContextCustomizer@40238dd0, org.springframework.boot.test.mock.mockito.MockitoContextCustomizer@0, org.springframework.boot.test.web.client.TestRestTemplateContextCustomizer@6fb365ed, org.springframework.boot.test.context.SpringBootTestArgs@1, org.springframework.boot.test.context.SpringBootTestWebEnvironment@ea6147e], resourceBasePath = 'src/main/webapp', contextLoader = 'org.springframework.boot.test.context.SpringBootContextLoader', parent = [null]], attributes = map['org.springframework.test.context.web.ServletTestExecutionListener.activateListener' -> true]], class annotated with @DirtiesContext [false] with mode [null].
                                                                              dddddddd
                                        iiii                                  d::::::d                                      iiii
                                       i::::i                                 d::::::d                                     i::::i
                                        iiii                                  d::::::d                                      iiii
                                                                              d:::::d
   ggggggggg   ggggguuuuuu    uuuuuu  iiiiiii     eeeeeeeeeeee        ddddddddd:::::d   aaaaaaaaaaaaa   nnnn  nnnnnnnn    iiiiiii
  g:::::::::ggg::::gu::::u    u::::u  i:::::i   ee::::::::::::ee    dd::::::::::::::d   a::::::::::::a  n:::nn::::::::nn  i:::::i
 g:::::::::::::::::gu::::u    u::::u   i::::i  e::::::eeeee:::::ee d::::::::::::::::d   aaaaaaaaa:::::a n::::::::::::::nn  i::::i
g::::::ggggg::::::ggu::::u    u::::u   i::::i e::::::e     e:::::ed:::::::ddddd:::::d            a::::a nn:::::::::::::::n i::::i
g:::::g     g:::::g u::::u    u::::u   i::::i e:::::::eeeee::::::ed::::::d    d:::::d     aaaaaaa:::::a   n:::::nnnn:::::n i::::i
g:::::g     g:::::g u::::u    u::::u   i::::i e:::::::::::::::::e d:::::d     d:::::d   aa::::::::::::a   n::::n    n::::n i::::i
g:::::g     g:::::g u::::u    u::::u   i::::i e::::::eeeeeeeeeee  d:::::d     d:::::d  a::::aaaa::::::a   n::::n    n::::n i::::i
g::::::g    g:::::g u:::::uuuu:::::u   i::::i e:::::::e           d:::::d     d:::::d a::::a    a:::::a   n::::n    n::::n i::::i
g:::::::ggggg:::::g u:::::::::::::::uui::::::ie::::::::e          d::::::ddddd::::::dda::::a    a:::::a   n::::n    n::::ni::::::i
 g::::::::::::::::g  u:::::::::::::::ui::::::i e::::::::eeeeeeee   d:::::::::::::::::da:::::aaaa::::::a   n::::n    n::::ni::::::i
  gg::::::::::::::g   uu::::::::uu:::ui::::::i  ee:::::::::::::e    d:::::::::ddd::::d a::::::::::aa:::a  n::::n    n::::ni::::::i
    gggggggg::::::g     uuuuuuuu  uuuuiiiiiiii    eeeeeeeeeeeeee     ddddddddd   ddddd  aaaaaaaaaa  aaaa  nnnnnn    nnnnnniiiiiiii
            g:::::g
gggggg      g:::::g
g:::::gg   gg:::::g
 g::::::ggg:::::::g
  gg:::::::::::::g
    ggg::::::ggg
       gggggg

2022-11-16 17:14:49.251  INFO 9256 --- [    Test worker] org.generation.GuidaniApplicationTests   : Starting GuidaniApplicationTests using Java 17.0.3.1 on T3554 with PID 9256 (started by TuX3 in C:\generation\ch18\guiedani)
2022-11-16 17:14:49.257  INFO 9256 --- [    Test worker] org.generation.GuidaniApplicationTests   : No active profile set, falling back to 1 default profile: "default"
2022-11-16 17:14:52.109  INFO 9256 --- [    Test worker] .s.d.r.c.RepositoryConfigurationDelegate : Bootstrapping Spring Data JPA repositories in DEFAULT mode.
2022-11-16 17:14:52.396  INFO 9256 --- [    Test worker] .s.d.r.c.RepositoryConfigurationDelegate : Finished Spring Data repository scanning in 259 ms. Found 9 JPA repository interfaces.
2022-11-16 17:14:54.760  INFO 9256 --- [    Test worker] o.hibernate.jpa.internal.util.LogHelper  : HHH000204: Processing PersistenceUnitInfo [name: default]
2022-11-16 17:14:54.932  INFO 9256 --- [    Test worker] org.hibernate.Version                    : HHH000412: Hibernate ORM core version 5.6.12.Final
2022-11-16 17:14:55.473  INFO 9256 --- [    Test worker] o.hibernate.annotations.common.Version   : HCANN000001: Hibernate Commons Annotations {5.1.2.Final}
2022-11-16 17:14:55.814  INFO 9256 --- [    Test worker] com.zaxxer.hikari.HikariDataSource       : HikariPool-1 - Starting...
2022-11-16 17:14:56.991  INFO 9256 --- [    Test worker] com.zaxxer.hikari.HikariDataSource       : HikariPool-1 - Start completed.
2022-11-16 17:14:57.088  INFO 9256 --- [    Test worker] org.hibernate.dialect.Dialect            : HHH000400: Using dialect: org.hibernate.dialect.MySQL8Dialect
2022-11-16 17:14:59.550  INFO 9256 --- [    Test worker] o.h.e.t.j.p.i.JtaPlatformInitiator       : HHH000490: Using JtaPlatform implementation: [org.hibernate.engine.transaction.jta.platform.internal.NoJtaPlatform]
2022-11-16 17:14:59.575  INFO 9256 --- [    Test worker] j.LocalContainerEntityManagerFactoryBean : Initialized JPA EntityManagerFactory for persistence unit 'default'
2022-11-16 17:15:02.905  WARN 9256 --- [    Test worker] JpaBaseConfiguration$JpaWebConfiguration : spring.jpa.open-in-view is enabled by default. Therefore, database queries may be performed during view rendering. Explicitly configure spring.jpa.open-in-view to disable this warning
2022-11-16 17:15:06.433  INFO 9256 --- [    Test worker] org.generation.GuidaniApplicationTests   : Started GuidaniApplicationTests in 18.185 seconds (JVM running for 21.808)
]]></system-out>
  <system-err><![CDATA[]]></system-err>
</testsuite>
